{"total": {"lines":{"total":159,"covered":32,"skipped":0,"pct":20.12},"statements":{"total":169,"covered":32,"skipped":0,"pct":18.93},"functions":{"total":67,"covered":5,"skipped":0,"pct":7.46},"branches":{"total":65,"covered":34,"skipped":0,"pct":52.3},"branchesTrue":{"total":0,"covered":0,"skipped":0,"pct":100}}
,"/Users/princeofpersia/Desktop/AutoReviewer/src/httpUtils.ts": {"lines":{"total":6,"covered":0,"skipped":0,"pct":0},"functions":{"total":2,"covered":0,"skipped":0,"pct":0},"statements":{"total":8,"covered":0,"skipped":0,"pct":0},"branches":{"total":1,"covered":0,"skipped":0,"pct":0}}
,"/Users/princeofpersia/Desktop/AutoReviewer/src/main.ts": {"lines":{"total":52,"covered":0,"skipped":0,"pct":0},"functions":{"total":23,"covered":0,"skipped":0,"pct":0},"statements":{"total":56,"covered":0,"skipped":0,"pct":0},"branches":{"total":5,"covered":0,"skipped":0,"pct":0}}
,"/Users/princeofpersia/Desktop/AutoReviewer/src/services/claudeBedrockService.ts": {"lines":{"total":39,"covered":32,"skipped":0,"pct":82.05},"functions":{"total":7,"covered":5,"skipped":0,"pct":71.42},"statements":{"total":39,"covered":32,"skipped":0,"pct":82.05},"branches":{"total":53,"covered":34,"skipped":0,"pct":64.15}}
,"/Users/princeofpersia/Desktop/AutoReviewer/src/services/codeReviewService.ts": {"lines":{"total":21,"covered":0,"skipped":0,"pct":0},"functions":{"total":11,"covered":0,"skipped":0,"pct":0},"statements":{"total":24,"covered":0,"skipped":0,"pct":0},"branches":{"total":0,"covered":0,"skipped":0,"pct":100}}
,"/Users/princeofpersia/Desktop/AutoReviewer/src/services/languageDetectionService.ts": {"lines":{"total":11,"covered":0,"skipped":0,"pct":0},"functions":{"total":3,"covered":0,"skipped":0,"pct":0},"statements":{"total":11,"covered":0,"skipped":0,"pct":0},"branches":{"total":2,"covered":0,"skipped":0,"pct":0}}
,"/Users/princeofpersia/Desktop/AutoReviewer/src/services/pullRequestService.ts": {"lines":{"total":30,"covered":0,"skipped":0,"pct":0},"functions":{"total":21,"covered":0,"skipped":0,"pct":0},"statements":{"total":31,"covered":0,"skipped":0,"pct":0},"branches":{"total":4,"covered":0,"skipped":0,"pct":0}}
}
