TN:
SF:src/httpUtils.ts
FN:3,(anonymous_0)
FN:8,(anonymous_1)
FNF:2
FNH:0
FNDA:0,(anonymous_0)
FNDA:0,(anonymous_1)
DA:1,0
DA:3,0
DA:4,0
DA:6,0
DA:8,0
DA:9,0
LF:6
LH:0
BRDA:3,0,0,0
BRF:1
BRH:0
end_of_record
TN:
SF:src/main.ts
FN:16,(anonymous_13)
FN:16,(anonymous_14)
FN:39,(anonymous_15)
FN:41,(anonymous_16)
FN:42,(anonymous_17)
FN:43,(anonymous_18)
FN:49,(anonymous_19)
FN:53,(anonymous_20)
FN:58,(anonymous_21)
FN:60,(anonymous_22)
FN:63,(anonymous_23)
FN:63,(anonymous_24)
FN:63,(anonymous_25)
FN:64,(anonymous_26)
FN:65,(anonymous_27)
FN:67,(anonymous_28)
FN:68,(anonymous_29)
FN:70,(anonymous_30)
FN:93,(anonymous_31)
FN:94,(anonymous_32)
FN:108,(anonymous_33)
FN:111,(anonymous_34)
FN:118,(anonymous_35)
FNF:23
FNH:0
FNDA:0,(anonymous_13)
FNDA:0,(anonymous_14)
FNDA:0,(anonymous_15)
FNDA:0,(anonymous_16)
FNDA:0,(anonymous_17)
FNDA:0,(anonymous_18)
FNDA:0,(anonymous_19)
FNDA:0,(anonymous_20)
FNDA:0,(anonymous_21)
FNDA:0,(anonymous_22)
FNDA:0,(anonymous_23)
FNDA:0,(anonymous_24)
FNDA:0,(anonymous_25)
FNDA:0,(anonymous_26)
FNDA:0,(anonymous_27)
FNDA:0,(anonymous_28)
FNDA:0,(anonymous_29)
FNDA:0,(anonymous_30)
FNDA:0,(anonymous_31)
FNDA:0,(anonymous_32)
FNDA:0,(anonymous_33)
FNDA:0,(anonymous_34)
FNDA:0,(anonymous_35)
DA:1,0
DA:2,0
DA:3,0
DA:7,0
DA:8,0
DA:9,0
DA:10,0
DA:12,0
DA:14,0
DA:16,0
DA:17,0
DA:18,0
DA:19,0
DA:20,0
DA:21,0
DA:22,0
DA:24,0
DA:25,0
DA:27,0
DA:36,0
DA:38,0
DA:40,0
DA:41,0
DA:43,0
DA:44,0
DA:50,0
DA:53,0
DA:57,0
DA:59,0
DA:61,0
DA:63,0
DA:65,0
DA:66,0
DA:67,0
DA:69,0
DA:71,0
DA:90,0
DA:94,0
DA:95,0
DA:100,0
DA:101,0
DA:103,0
DA:104,0
DA:108,0
DA:109,0
DA:111,0
DA:114,0
DA:116,0
DA:118,0
DA:121,0
DA:129,0
DA:132,0
LF:52
LH:0
BRDA:75,0,0,0
BRDA:75,0,1,0
BRDA:75,1,0,0
BRDA:75,1,1,0
BRDA:103,2,0,0
BRF:5
BRH:0
end_of_record
TN:
SF:src/services/claudeBedrockService.ts
FN:50,(anonymous_7)
FN:51,(anonymous_8)
FN:62,(anonymous_9)
FN:79,(anonymous_10)
FN:83,(anonymous_11)
FN:108,(anonymous_13)
FN:143,(anonymous_14)
FNF:7
FNH:5
FNDA:0,(anonymous_7)
FNDA:0,(anonymous_8)
FNDA:8,(anonymous_9)
FNDA:1,(anonymous_10)
FNDA:6,(anonymous_11)
FNDA:6,(anonymous_13)
FNDA:5,(anonymous_14)
DA:1,2
DA:2,2
DA:4,2
DA:46,2
DA:51,0
DA:52,0
DA:53,0
DA:54,0
DA:55,0
DA:56,0
DA:58,0
DA:63,8
DA:64,8
DA:70,8
DA:80,1
DA:88,6
DA:90,6
DA:91,6
DA:98,6
DA:99,5
DA:101,5
DA:103,1
DA:104,1
DA:109,6
DA:110,6
DA:112,6
DA:113,11
DA:115,3
DA:116,8
DA:117,7
DA:121,1
DA:122,1
DA:129,6
DA:136,6
DA:137,3
DA:140,6
DA:144,5
DA:146,5
DA:151,5
LF:39
LH:32
BRDA:52,0,0,0
BRDA:52,1,0,0
BRDA:52,1,1,0
BRDA:52,2,0,0
BRDA:52,2,1,0
BRDA:53,3,0,0
BRDA:53,3,1,0
BRDA:54,4,0,0
BRDA:54,4,1,0
BRDA:55,5,0,0
BRDA:55,5,1,0
BRDA:56,6,0,0
BRDA:56,6,1,0
BRDA:72,7,0,7
BRDA:72,7,1,1
BRDA:72,8,0,8
BRDA:72,8,1,7
BRDA:113,9,0,3
BRDA:113,9,1,8
BRDA:116,10,0,7
BRDA:116,10,1,1
BRDA:121,11,0,1
BRDA:136,12,0,3
BRDA:144,13,0,5
BRDA:144,13,1,1
BRDA:144,14,0,1
BRDA:144,14,1,4
BRDA:144,15,0,5
BRDA:144,15,1,5
BRDA:155,16,0,5
BRDA:155,16,1,0
BRDA:155,17,0,0
BRDA:155,17,1,5
BRDA:155,18,0,5
BRDA:155,18,1,5
BRDA:156,19,0,5
BRDA:156,19,1,1
BRDA:156,20,0,0
BRDA:156,20,1,5
BRDA:156,21,0,5
BRDA:156,21,1,5
BRDA:157,22,0,5
BRDA:157,22,1,0
BRDA:157,23,0,0
BRDA:157,23,1,5
BRDA:157,24,0,5
BRDA:157,24,1,5
BRDA:157,25,0,5
BRDA:157,25,1,1
BRDA:157,26,0,0
BRDA:157,26,1,5
BRDA:157,27,0,5
BRDA:157,27,1,5
BRF:53
BRH:34
end_of_record
TN:
SF:src/services/codeReviewService.ts
FN:41,(anonymous_1)
FN:49,(anonymous_2)
FN:53,(anonymous_3)
FN:54,(anonymous_4)
FN:56,(anonymous_5)
FN:62,(anonymous_6)
FN:66,(anonymous_7)
FN:68,(anonymous_8)
FN:71,(anonymous_9)
FN:72,(anonymous_10)
FN:72,(anonymous_11)
FNF:11
FNH:0
FNDA:0,(anonymous_1)
FNDA:0,(anonymous_2)
FNDA:0,(anonymous_3)
FNDA:0,(anonymous_4)
FNDA:0,(anonymous_5)
FNDA:0,(anonymous_6)
FNDA:0,(anonymous_7)
FNDA:0,(anonymous_8)
FNDA:0,(anonymous_9)
FNDA:0,(anonymous_10)
FNDA:0,(anonymous_11)
DA:1,0
DA:2,0
DA:6,0
DA:7,0
DA:8,0
DA:9,0
DA:21,0
DA:23,0
DA:25,0
DA:42,0
DA:43,0
DA:49,0
DA:52,0
DA:53,0
DA:55,0
DA:56,0
DA:65,0
DA:66,0
DA:68,0
DA:70,0
DA:72,0
LF:21
LH:0
BRF:0
BRH:0
end_of_record
TN:
SF:src/services/languageDetectionService.ts
FN:3,(anonymous_0)
FN:5,(anonymous_1)
FN:19,(anonymous_2)
FNF:3
FNH:0
FNDA:0,(anonymous_0)
FNDA:0,(anonymous_1)
FNDA:0,(anonymous_2)
DA:1,0
DA:3,0
DA:4,0
DA:6,0
DA:7,0
DA:12,0
DA:16,0
DA:19,0
DA:20,0
DA:21,0
DA:24,0
LF:11
LH:0
BRDA:21,0,0,0
BRDA:21,0,1,0
BRF:2
BRH:0
end_of_record
TN:
SF:src/services/pullRequestService.ts
FN:33,(anonymous_6)
FN:34,(anonymous_7)
FN:41,(anonymous_8)
FN:43,(anonymous_9)
FN:49,(anonymous_10)
FN:50,(anonymous_11)
FN:52,(anonymous_12)
FN:56,(anonymous_13)
FN:57,(anonymous_14)
FN:58,(anonymous_15)
FN:60,(anonymous_16)
FN:66,(anonymous_17)
FN:67,(anonymous_18)
FN:68,(anonymous_19)
FN:76,(anonymous_20)
FN:80,(anonymous_21)
FN:81,(anonymous_22)
FN:83,(anonymous_23)
FN:89,(anonymous_24)
FN:91,(anonymous_25)
FN:93,(anonymous_26)
FNF:21
FNH:0
FNDA:0,(anonymous_6)
FNDA:0,(anonymous_7)
FNDA:0,(anonymous_8)
FNDA:0,(anonymous_9)
FNDA:0,(anonymous_10)
FNDA:0,(anonymous_11)
FNDA:0,(anonymous_12)
FNDA:0,(anonymous_13)
FNDA:0,(anonymous_14)
FNDA:0,(anonymous_15)
FNDA:0,(anonymous_16)
FNDA:0,(anonymous_17)
FNDA:0,(anonymous_18)
FNDA:0,(anonymous_19)
FNDA:0,(anonymous_20)
FNDA:0,(anonymous_21)
FNDA:0,(anonymous_22)
FNDA:0,(anonymous_23)
FNDA:0,(anonymous_24)
FNDA:0,(anonymous_25)
FNDA:0,(anonymous_26)
DA:3,0
DA:4,0
DA:6,0
DA:7,0
DA:30,0
DA:32,0
DA:33,0
DA:34,0
DA:40,0
DA:42,0
DA:44,0
DA:50,0
DA:51,0
DA:52,0
DA:57,0
DA:58,0
DA:59,0
DA:60,0
DA:67,0
DA:68,0
DA:73,0
DA:76,0
DA:79,0
DA:80,0
DA:82,0
DA:83,0
DA:89,0
DA:90,0
DA:92,0
DA:93,0
LF:30
LH:0
BRDA:60,0,0,0
BRDA:60,0,1,0
BRDA:60,0,2,0
BRDA:60,0,3,0
BRF:4
BRH:0
end_of_record
